<?xml version="1.0" encoding="UTF-8"?>
<!-- Generated by org.testng.reporters.JUnitReportReporter -->
<testsuite hostname="NAMIT-LENOVO" failures="0" tests="1" name="com.automate.restAPI.TC004_GetRequest_ReadAllHeaders" time="3.001" errors="0" timestamp="2021-06-29T09:45:07 IST" skipped="0">
  <testcase classname="com.automate.restAPI.TC004_GetRequest_ReadAllHeaders" name="fnReadAllHeaders" time="3.001"/>
  <system-out/>
</testsuite> <!-- com.automate.restAPI.TC004_GetRequest_ReadAllHeaders -->
