<?xml version="1.0" encoding="UTF-8"?>
<!-- Generated by org.testng.reporters.JUnitReportReporter -->
<testsuite hostname="NAMIT-LENOVO" failures="0" tests="3" name="com.automate.DataDriven.TC007_DataDrivenPost" time="5.402" errors="0" timestamp="2021-06-30T07:49:28 IST" skipped="0">
  <testcase classname="com.automate.DataDriven.TC007_DataDrivenPost" name="fnPostRequestDataDriven" time="0.728"/>
  <system-out/>
  <testcase classname="com.automate.DataDriven.TC007_DataDrivenPost" name="fnPostRequestDataDriven" time="3.931"/>
  <system-out/>
  <testcase classname="com.automate.DataDriven.TC007_DataDrivenPost" name="fnPostRequestDataDriven" time="0.743"/>
  <system-out/>
</testsuite> <!-- com.automate.DataDriven.TC007_DataDrivenPost -->
