<?xml version="1.0" encoding="UTF-8"?>
<!-- Generated by org.testng.reporters.JUnitReportReporter -->
<testsuite hostname="NAMIT-LENOVO" failures="0" tests="1" name="com.automate.restAPI.TC005_ValidateResponseBody" time="3.881" errors="0" timestamp="2021-06-29T10:01:56 IST" skipped="0">
  <testcase classname="com.automate.restAPI.TC005_ValidateResponseBody" name="fnValidateResponse" time="3.881"/>
  <system-out/>
</testsuite> <!-- com.automate.restAPI.TC005_ValidateResponseBody -->
