<?xml version="1.0" encoding="UTF-8"?>
<!-- Generated by org.testng.reporters.JUnitReportReporter -->
<testsuite hostname="NAMIT-LENOVO" failures="0" tests="1" name="com.automate.restAPI.TC008_Given_When_Then" time="4.544" errors="0" timestamp="2021-07-04T17:37:08 IST" skipped="0">
  <testcase classname="com.automate.restAPI.TC008_Given_When_Then" name="fnUseOfWhenThen" time="4.544"/>
  <system-out/>
</testsuite> <!-- com.automate.restAPI.TC008_Given_When_Then -->
