<?xml version="1.0" encoding="UTF-8"?>
<!-- Generated by org.testng.reporters.JUnitReportReporter -->
<testsuite hostname="NAMIT-LENOVO" failures="0" tests="1" name="com.automate.restAPI.TC002_PostRequest" time="3.679" errors="0" timestamp="2021-06-29T09:20:57 IST" skipped="0">
  <testcase classname="com.automate.restAPI.TC002_PostRequest" name="createEmpData" time="3.679"/>
  <system-out/>
</testsuite> <!-- com.automate.restAPI.TC002_PostRequest -->
