<?xml version="1.0" encoding="UTF-8"?>
<!-- Generated by org.testng.reporters.JUnitReportReporter -->
<testsuite hostname="NAMIT-LENOVO" failures="0" tests="1" name="com.automate.restAPI.TC001_GetRequest1" time="3.661" errors="0" timestamp="2021-06-29T09:03:08 IST" skipped="0">
  <testcase classname="com.automate.restAPI.TC001_GetRequest1" name="getEmployeeData" time="3.661"/>
  <system-out/>
</testsuite> <!-- com.automate.restAPI.TC001_GetRequest1 -->
