<?xml version="1.0" encoding="UTF-8"?>
<!-- Generated by org.testng.reporters.JUnitReportReporter -->
<testsuite hostname="NAMIT-LENOVO" failures="0" tests="2" name="com.automate.WhenThen.TC001_GetTest" time="3.604" errors="0" timestamp="2021-07-04T18:01:25 IST" skipped="0">
  <testcase classname="com.automate.WhenThen.TC001_GetTest" name="test1" time="2.464"/>
  <system-out/>
  <testcase classname="com.automate.WhenThen.TC001_GetTest" name="test2" time="1.140"/>
  <system-out/>
</testsuite> <!-- com.automate.WhenThen.TC001_GetTest -->
