<?xml version="1.0" encoding="UTF-8"?>
<!-- Generated by org.testng.reporters.JUnitReportReporter -->
<testsuite hostname="NAMIT-LENOVO" failures="0" tests="1" name="com.automate.restAPI.TC003_GetRequest_ValidateHeaders" time="2.964" errors="0" timestamp="2021-06-29T09:34:10 IST" skipped="0">
  <testcase classname="com.automate.restAPI.TC003_GetRequest_ValidateHeaders" name="fnValidateHeaders" time="2.964"/>
  <system-out/>
</testsuite> <!-- com.automate.restAPI.TC003_GetRequest_ValidateHeaders -->
